 INFO [main] (ExcelReaderImpl.java:241) - The '.\Datasheets\Config.xls' workbook is not initialized yet , is going to be initialize
 INFO [main] (ExcelReaderImpl.java:265) - The workbook has been initialized from [E:\Workspace\MiMedx\.\Datasheets\Config.xls] which contains [2] sheets.
 INFO [main] (ExcelReaderImpl.java:279) - The '.\Datasheets\Config.xls' workbook has been initialized now
 INFO [main] (ExcelReaderImpl.java:123) - The data has been loaded of sheet : 'Config', of the workbook : '.\Datasheets\Config.xls'.
 INFO [main] (ExcelReaderImpl.java:425) - The default row identifier column name for the sheet [Config] is [TestParameters].
 INFO [main] (ExcelReaderImpl.java:509) - Getting the all values for the  rowidentifire column = TestParameters in the sheet name =Config in the workbook = .\Datasheets\Config.xls
 INFO [main] (ExcelReaderImpl.java:497) - Getting the all values for the  rowidentifire column = TestParameters in the sheet name =Config in the workbook = .\Datasheets\Config.xls
 INFO [main] (Launcher.java:1677) - The Opted TescSuite file name is = ./TestSuite/RegressionTestSuite.xls
 INFO [main] (ExcelReaderImpl.java:97) - The sheet index 'null' is not loaded yet, is going to be loaded
 INFO [main] (ExcelReaderImpl.java:241) - The './TestSuite/RegressionTestSuite.xls' workbook is not initialized yet , is going to be initialize
 INFO [main] (ExcelReaderImpl.java:265) - The workbook has been initialized from [E:\Workspace\MiMedx\.\TestSuite\RegressionTestSuite.xls] which contains [3] sheets.
 INFO [main] (ExcelReaderImpl.java:279) - The './TestSuite/RegressionTestSuite.xls' workbook has been initialized now
 INFO [main] (ExcelReaderImpl.java:123) - The data has been loaded of sheet : 'RecoveredTissue', of the workbook : './TestSuite/RegressionTestSuite.xls'.
 INFO [main] (ExcelReaderImpl.java:425) - The default row identifier column name for the sheet [RecoveredTissue] is [TestCaseName].
 INFO [main] (ExcelReaderImpl.java:241) - The './Datasheets/MasterTestData_QA.xls' workbook is not initialized yet , is going to be initialize
 INFO [main] (ExcelReaderImpl.java:265) - The workbook has been initialized from [E:\Workspace\MiMedx\.\Datasheets\MasterTestData_QA.xls] which contains [15] sheets.
 INFO [main] (ExcelReaderImpl.java:279) - The './Datasheets/MasterTestData_QA.xls' workbook has been initialized now
 INFO [main] (ExcelReaderImpl.java:123) - The data has been loaded of sheet : 'CommonValues', of the workbook : './Datasheets/MasterTestData_QA.xls'.
 INFO [main] (ExcelReaderImpl.java:425) - The default row identifier column name for the sheet [CommonValues] is [ITEM].
 INFO [main] (ExcelReaderImpl.java:509) - Getting the all values for the  rowidentifire column = ITEM in the sheet name =CommonValues in the workbook = ./Datasheets/MasterTestData_QA.xls
 INFO [main] (ExcelReaderImpl.java:497) - Getting the all values for the  rowidentifire column = ITEM in the sheet name =CommonValues in the workbook = ./Datasheets/MasterTestData_QA.xls
 INFO [main] (ExcelReaderImpl.java:425) - The default row identifier column name for the sheet [RecoveredTissue] is [TestCaseName].
 INFO [main] (ExcelReaderImpl.java:497) - Getting the all values for the  rowidentifire column = TestCaseName in the sheet name =RecoveredTissue in the workbook = ./TestSuite/RegressionTestSuite.xls
 INFO [main] (Launcher.java:770) - running testsuite:./TestSuite/RegressionTestSuite.xls
 INFO [main] (ExcelReaderImpl.java:123) - The data has been loaded of sheet : 'ReleaseProcessing', of the workbook : './TestSuite/RegressionTestSuite.xls'.
 INFO [main] (ExcelReaderImpl.java:425) - The default row identifier column name for the sheet [ReleaseProcessing] is [TestCaseName].
 INFO [main] (ExcelReaderImpl.java:497) - Getting the all values for the  rowidentifire column = TestCaseName in the sheet name =ReleaseProcessing in the workbook = ./TestSuite/RegressionTestSuite.xls
 INFO [main] (Launcher.java:770) - running testsuite:./TestSuite/RegressionTestSuite.xls
 INFO [main] (ExcelReaderImpl.java:123) - The data has been loaded of sheet : 'EligibilityReview', of the workbook : './TestSuite/RegressionTestSuite.xls'.
 INFO [main] (ExcelReaderImpl.java:425) - The default row identifier column name for the sheet [EligibilityReview] is [TestCaseName].
 INFO [main] (ExcelReaderImpl.java:497) - Getting the all values for the  rowidentifire column = TestCaseName in the sheet name =EligibilityReview in the workbook = ./TestSuite/RegressionTestSuite.xls
 INFO [main] (Launcher.java:770) - running testsuite:./TestSuite/RegressionTestSuite.xls
 INFO [main] (ExcelReaderImpl.java:241) - The './Datasheets/MasterTestData_QA.xls' workbook is not initialized yet , is going to be initialize
 INFO [main] (ExcelReaderImpl.java:265) - The workbook has been initialized from [E:\Workspace\MiMedx\.\Datasheets\MasterTestData_QA.xls] which contains [15] sheets.
 INFO [main] (ExcelReaderImpl.java:279) - The './Datasheets/MasterTestData_QA.xls' workbook has been initialized now
 INFO [main] (ExcelReaderImpl.java:123) - The data has been loaded of sheet : 'EligibilityReview', of the workbook : './Datasheets/MasterTestData_QA.xls'.
 INFO [main] (ExcelReaderImpl.java:425) - The default row identifier column name for the sheet [EligibilityReview] is [TestCaseName].
 INFO [main] (ExcelReaderImpl.java:509) - Getting the all values for the  rowidentifire column = TestCaseName in the sheet name =EligibilityReview in the workbook = ./Datasheets/MasterTestData_QA.xls
 INFO [main] (ExcelReaderImpl.java:497) - Getting the all values for the  rowidentifire column = TestCaseName in the sheet name =EligibilityReview in the workbook = ./Datasheets/MasterTestData_QA.xls
 INFO [main] (Launcher.java:880) - Running testcase:SBWEB-256_VerifySaveButtonFunctionality
 INFO [main] (ExcelReaderImpl.java:241) - The './Datasheets/MasterTestData_QA.xls' workbook is not initialized yet , is going to be initialize
 INFO [main] (ExcelReaderImpl.java:265) - The workbook has been initialized from [E:\Workspace\MiMedx\.\Datasheets\MasterTestData_QA.xls] which contains [15] sheets.
 INFO [main] (ExcelReaderImpl.java:279) - The './Datasheets/MasterTestData_QA.xls' workbook has been initialized now
 INFO [main] (ExternalScriptRunner.java:59) - running script:E:\Workspace\MiMedx\.\TestScript\EligibilityReview\SBWEB-256_VerifySaveButtonFunctionality.txt
 INFO [main] (FileUtil.java:63) - The application directory= 'SeAP' at location = 'C:\Users\ashishk\AppData\Roaming' has been created
 INFO [main] (FileUtil.java:69) - The repository file = 'C:\Users\ashishk\AppData\Roaming\SeAP\repository.properties' has been created
 INFO [main] (FileUtil.java:72) - The Object of FileUtil has been Initialized
 INFO [main] (JVMUtil.java:89) - Reading java source template file TestScriptTemplate.tmpl from classpath.
 INFO [main] (JVMUtil.java:131) - Merging methods written in :E:\Workspace\MiMedx\.\lib\func_application.txt
 INFO [main] (JVMUtil.java:180) - removing previous compilation log file:E:\Workspace\MiMedx\.\Logs\CompilationResult.txt
 INFO [main] (HtmlReporter.java:104) - Reading teststep report template file [htmlTestStepReportTemplate.tmpl]
 INFO [main] (Launcher.java:1642) - The TestCase Data File Name from where the data will be taken to execute testcase = ./Datasheets/MasterTestData_QA.xls
 INFO [main] (Launcher.java:1642) - The TestCase Data File Name from where the data will be taken to execute testcase = ./Datasheets/MasterTestData_QA.xls
 INFO [main] (Launcher.java:1642) - The TestCase Data File Name from where the data will be taken to execute testcase = ./Datasheets/MasterTestData_QA.xls
 INFO [main] (Launcher.java:1642) - The TestCase Data File Name from where the data will be taken to execute testcase = ./Datasheets/MasterTestData_QA.xls
 INFO [main] (Launcher.java:1642) - The TestCase Data File Name from where the data will be taken to execute testcase = ./Datasheets/MasterTestData_QA.xls
 INFO [main] (Launcher.java:1642) - The TestCase Data File Name from where the data will be taken to execute testcase = ./Datasheets/MasterTestData_QA.xls
 INFO [main] (AbstractReporter.java:319) - report saved:E:\Workspace\MiMedx\.\Reports\EligibilityReview\SBWEB-256\SBWEB-256_VerifySaveButtonFunctionality_07_31_2014_13_00_17.html
 INFO [main] (Launcher.java:1012) - Jira integration not requested in config file.
 INFO [main] (Launcher.java:1101) - Script end
 INFO [main] (ExcelReaderImpl.java:241) - The '.\Datasheets\Config.xls' workbook is not initialized yet , is going to be initialize
 INFO [main] (ExcelReaderImpl.java:265) - The workbook has been initialized from [E:\Workspace\MiMedx\.\Datasheets\Config.xls] which contains [2] sheets.
 INFO [main] (ExcelReaderImpl.java:279) - The '.\Datasheets\Config.xls' workbook has been initialized now
 INFO [main] (ExcelReaderImpl.java:123) - The data has been loaded of sheet : 'Config', of the workbook : '.\Datasheets\Config.xls'.
 INFO [main] (ExcelReaderImpl.java:425) - The default row identifier column name for the sheet [Config] is [TestParameters].
 INFO [main] (ExcelReaderImpl.java:509) - Getting the all values for the  rowidentifire column = TestParameters in the sheet name =Config in the workbook = .\Datasheets\Config.xls
 INFO [main] (ExcelReaderImpl.java:497) - Getting the all values for the  rowidentifire column = TestParameters in the sheet name =Config in the workbook = .\Datasheets\Config.xls
 INFO [main] (Launcher.java:1677) - The Opted TescSuite file name is = ./TestSuite/RegressionTestSuite.xls
 INFO [main] (ExcelReaderImpl.java:97) - The sheet index 'null' is not loaded yet, is going to be loaded
 INFO [main] (ExcelReaderImpl.java:241) - The './TestSuite/RegressionTestSuite.xls' workbook is not initialized yet , is going to be initialize
 INFO [main] (ExcelReaderImpl.java:265) - The workbook has been initialized from [E:\Workspace\MiMedx\.\TestSuite\RegressionTestSuite.xls] which contains [3] sheets.
 INFO [main] (ExcelReaderImpl.java:279) - The './TestSuite/RegressionTestSuite.xls' workbook has been initialized now
 INFO [main] (ExcelReaderImpl.java:123) - The data has been loaded of sheet : 'RecoveredTissue', of the workbook : './TestSuite/RegressionTestSuite.xls'.
 INFO [main] (ExcelReaderImpl.java:425) - The default row identifier column name for the sheet [RecoveredTissue] is [TestCaseName].
 INFO [main] (ExcelReaderImpl.java:241) - The './Datasheets/MasterTestData_QA.xls' workbook is not initialized yet , is going to be initialize
 INFO [main] (ExcelReaderImpl.java:265) - The workbook has been initialized from [E:\Workspace\MiMedx\.\Datasheets\MasterTestData_QA.xls] which contains [15] sheets.
 INFO [main] (ExcelReaderImpl.java:279) - The './Datasheets/MasterTestData_QA.xls' workbook has been initialized now
 INFO [main] (ExcelReaderImpl.java:123) - The data has been loaded of sheet : 'CommonValues', of the workbook : './Datasheets/MasterTestData_QA.xls'.
 INFO [main] (ExcelReaderImpl.java:425) - The default row identifier column name for the sheet [CommonValues] is [ITEM].
 INFO [main] (ExcelReaderImpl.java:509) - Getting the all values for the  rowidentifire column = ITEM in the sheet name =CommonValues in the workbook = ./Datasheets/MasterTestData_QA.xls
 INFO [main] (ExcelReaderImpl.java:497) - Getting the all values for the  rowidentifire column = ITEM in the sheet name =CommonValues in the workbook = ./Datasheets/MasterTestData_QA.xls
 INFO [main] (ExcelReaderImpl.java:425) - The default row identifier column name for the sheet [RecoveredTissue] is [TestCaseName].
 INFO [main] (ExcelReaderImpl.java:497) - Getting the all values for the  rowidentifire column = TestCaseName in the sheet name =RecoveredTissue in the workbook = ./TestSuite/RegressionTestSuite.xls
 INFO [main] (Launcher.java:770) - running testsuite:./TestSuite/RegressionTestSuite.xls
 INFO [main] (ExcelReaderImpl.java:123) - The data has been loaded of sheet : 'ReleaseProcessing', of the workbook : './TestSuite/RegressionTestSuite.xls'.
 INFO [main] (ExcelReaderImpl.java:425) - The default row identifier column name for the sheet [ReleaseProcessing] is [TestCaseName].
 INFO [main] (ExcelReaderImpl.java:497) - Getting the all values for the  rowidentifire column = TestCaseName in the sheet name =ReleaseProcessing in the workbook = ./TestSuite/RegressionTestSuite.xls
 INFO [main] (Launcher.java:770) - running testsuite:./TestSuite/RegressionTestSuite.xls
 INFO [main] (ExcelReaderImpl.java:123) - The data has been loaded of sheet : 'EligibilityReview', of the workbook : './TestSuite/RegressionTestSuite.xls'.
 INFO [main] (ExcelReaderImpl.java:425) - The default row identifier column name for the sheet [EligibilityReview] is [TestCaseName].
 INFO [main] (ExcelReaderImpl.java:497) - Getting the all values for the  rowidentifire column = TestCaseName in the sheet name =EligibilityReview in the workbook = ./TestSuite/RegressionTestSuite.xls
 INFO [main] (Launcher.java:770) - running testsuite:./TestSuite/RegressionTestSuite.xls
 INFO [main] (ExcelReaderImpl.java:241) - The './Datasheets/MasterTestData_QA.xls' workbook is not initialized yet , is going to be initialize
 INFO [main] (ExcelReaderImpl.java:265) - The workbook has been initialized from [E:\Workspace\MiMedx\.\Datasheets\MasterTestData_QA.xls] which contains [15] sheets.
 INFO [main] (ExcelReaderImpl.java:279) - The './Datasheets/MasterTestData_QA.xls' workbook has been initialized now
 INFO [main] (ExcelReaderImpl.java:123) - The data has been loaded of sheet : 'EligibilityReview', of the workbook : './Datasheets/MasterTestData_QA.xls'.
 INFO [main] (ExcelReaderImpl.java:425) - The default row identifier column name for the sheet [EligibilityReview] is [TestCaseName].
 INFO [main] (ExcelReaderImpl.java:509) - Getting the all values for the  rowidentifire column = TestCaseName in the sheet name =EligibilityReview in the workbook = ./Datasheets/MasterTestData_QA.xls
 INFO [main] (ExcelReaderImpl.java:497) - Getting the all values for the  rowidentifire column = TestCaseName in the sheet name =EligibilityReview in the workbook = ./Datasheets/MasterTestData_QA.xls
 INFO [main] (Launcher.java:880) - Running testcase:SBWEB-256_VerifySaveButtonFunctionality
 INFO [main] (ExcelReaderImpl.java:241) - The './Datasheets/MasterTestData_QA.xls' workbook is not initialized yet , is going to be initialize
 INFO [main] (ExcelReaderImpl.java:265) - The workbook has been initialized from [E:\Workspace\MiMedx\.\Datasheets\MasterTestData_QA.xls] which contains [15] sheets.
 INFO [main] (ExcelReaderImpl.java:279) - The './Datasheets/MasterTestData_QA.xls' workbook has been initialized now
 INFO [main] (ExternalScriptRunner.java:59) - running script:E:\Workspace\MiMedx\.\TestScript\EligibilityReview\SBWEB-256_VerifySaveButtonFunctionality.txt
 INFO [main] (FileUtil.java:63) - The application directory= 'SeAP' at location = 'C:\Users\ashishk\AppData\Roaming' has been created
 INFO [main] (FileUtil.java:69) - The repository file = 'C:\Users\ashishk\AppData\Roaming\SeAP\repository.properties' has been created
 INFO [main] (FileUtil.java:72) - The Object of FileUtil has been Initialized
 INFO [main] (JVMUtil.java:89) - Reading java source template file TestScriptTemplate.tmpl from classpath.
 INFO [main] (JVMUtil.java:131) - Merging methods written in :E:\Workspace\MiMedx\.\lib\func_application.txt
 INFO [main] (JVMUtil.java:180) - removing previous compilation log file:E:\Workspace\MiMedx\.\Logs\CompilationResult.txt
 INFO [main] (HtmlReporter.java:104) - Reading teststep report template file [htmlTestStepReportTemplate.tmpl]
 INFO [main] (Launcher.java:1642) - The TestCase Data File Name from where the data will be taken to execute testcase = ./Datasheets/MasterTestData_QA.xls
 INFO [main] (Launcher.java:1642) - The TestCase Data File Name from where the data will be taken to execute testcase = ./Datasheets/MasterTestData_QA.xls
 INFO [main] (Launcher.java:1642) - The TestCase Data File Name from where the data will be taken to execute testcase = ./Datasheets/MasterTestData_QA.xls
 INFO [main] (Launcher.java:1642) - The TestCase Data File Name from where the data will be taken to execute testcase = ./Datasheets/MasterTestData_QA.xls
 INFO [main] (Launcher.java:1642) - The TestCase Data File Name from where the data will be taken to execute testcase = ./Datasheets/MasterTestData_QA.xls
 INFO [main] (Launcher.java:1642) - The TestCase Data File Name from where the data will be taken to execute testcase = ./Datasheets/MasterTestData_QA.xls
 INFO [main] (AbstractReporter.java:319) - report saved:E:\Workspace\MiMedx\.\Reports\EligibilityReview\SBWEB-256\SBWEB-256_VerifySaveButtonFunctionality_07_31_2014_13_03_56.html
 INFO [main] (Launcher.java:1012) - Jira integration not requested in config file.
 INFO [main] (Launcher.java:1101) - Script end
 INFO [main] (ExcelReaderImpl.java:241) - The '.\Datasheets\Config.xls' workbook is not initialized yet , is going to be initialize
 INFO [main] (ExcelReaderImpl.java:265) - The workbook has been initialized from [E:\Workspace\MiMedx\.\Datasheets\Config.xls] which contains [2] sheets.
 INFO [main] (ExcelReaderImpl.java:279) - The '.\Datasheets\Config.xls' workbook has been initialized now
 INFO [main] (ExcelReaderImpl.java:123) - The data has been loaded of sheet : 'Config', of the workbook : '.\Datasheets\Config.xls'.
 INFO [main] (ExcelReaderImpl.java:425) - The default row identifier column name for the sheet [Config] is [TestParameters].
 INFO [main] (ExcelReaderImpl.java:509) - Getting the all values for the  rowidentifire column = TestParameters in the sheet name =Config in the workbook = .\Datasheets\Config.xls
 INFO [main] (ExcelReaderImpl.java:497) - Getting the all values for the  rowidentifire column = TestParameters in the sheet name =Config in the workbook = .\Datasheets\Config.xls
 INFO [main] (Launcher.java:1677) - The Opted TescSuite file name is = ./TestSuite/RegressionTestSuite.xls
 INFO [main] (ExcelReaderImpl.java:97) - The sheet index 'null' is not loaded yet, is going to be loaded
 INFO [main] (ExcelReaderImpl.java:241) - The './TestSuite/RegressionTestSuite.xls' workbook is not initialized yet , is going to be initialize
 INFO [main] (ExcelReaderImpl.java:265) - The workbook has been initialized from [E:\Workspace\MiMedx\.\TestSuite\RegressionTestSuite.xls] which contains [3] sheets.
 INFO [main] (ExcelReaderImpl.java:279) - The './TestSuite/RegressionTestSuite.xls' workbook has been initialized now
 INFO [main] (ExcelReaderImpl.java:123) - The data has been loaded of sheet : 'RecoveredTissue', of the workbook : './TestSuite/RegressionTestSuite.xls'.
 INFO [main] (ExcelReaderImpl.java:425) - The default row identifier column name for the sheet [RecoveredTissue] is [TestCaseName].
 INFO [main] (ExcelReaderImpl.java:241) - The './Datasheets/MasterTestData_QA.xls' workbook is not initialized yet , is going to be initialize
 INFO [main] (ExcelReaderImpl.java:265) - The workbook has been initialized from [E:\Workspace\MiMedx\.\Datasheets\MasterTestData_QA.xls] which contains [15] sheets.
 INFO [main] (ExcelReaderImpl.java:279) - The './Datasheets/MasterTestData_QA.xls' workbook has been initialized now
 INFO [main] (ExcelReaderImpl.java:123) - The data has been loaded of sheet : 'CommonValues', of the workbook : './Datasheets/MasterTestData_QA.xls'.
 INFO [main] (ExcelReaderImpl.java:425) - The default row identifier column name for the sheet [CommonValues] is [ITEM].
 INFO [main] (ExcelReaderImpl.java:509) - Getting the all values for the  rowidentifire column = ITEM in the sheet name =CommonValues in the workbook = ./Datasheets/MasterTestData_QA.xls
 INFO [main] (ExcelReaderImpl.java:497) - Getting the all values for the  rowidentifire column = ITEM in the sheet name =CommonValues in the workbook = ./Datasheets/MasterTestData_QA.xls
 INFO [main] (ExcelReaderImpl.java:425) - The default row identifier column name for the sheet [RecoveredTissue] is [TestCaseName].
 INFO [main] (ExcelReaderImpl.java:497) - Getting the all values for the  rowidentifire column = TestCaseName in the sheet name =RecoveredTissue in the workbook = ./TestSuite/RegressionTestSuite.xls
 INFO [main] (Launcher.java:770) - running testsuite:./TestSuite/RegressionTestSuite.xls
 INFO [main] (ExcelReaderImpl.java:123) - The data has been loaded of sheet : 'ReleaseProcessing', of the workbook : './TestSuite/RegressionTestSuite.xls'.
 INFO [main] (ExcelReaderImpl.java:425) - The default row identifier column name for the sheet [ReleaseProcessing] is [TestCaseName].
 INFO [main] (ExcelReaderImpl.java:497) - Getting the all values for the  rowidentifire column = TestCaseName in the sheet name =ReleaseProcessing in the workbook = ./TestSuite/RegressionTestSuite.xls
 INFO [main] (Launcher.java:770) - running testsuite:./TestSuite/RegressionTestSuite.xls
 INFO [main] (ExcelReaderImpl.java:123) - The data has been loaded of sheet : 'EligibilityReview', of the workbook : './TestSuite/RegressionTestSuite.xls'.
 INFO [main] (ExcelReaderImpl.java:425) - The default row identifier column name for the sheet [EligibilityReview] is [TestCaseName].
 INFO [main] (ExcelReaderImpl.java:497) - Getting the all values for the  rowidentifire column = TestCaseName in the sheet name =EligibilityReview in the workbook = ./TestSuite/RegressionTestSuite.xls
 INFO [main] (Launcher.java:770) - running testsuite:./TestSuite/RegressionTestSuite.xls
 INFO [main] (ExcelReaderImpl.java:241) - The './Datasheets/MasterTestData_QA.xls' workbook is not initialized yet , is going to be initialize
 INFO [main] (ExcelReaderImpl.java:265) - The workbook has been initialized from [E:\Workspace\MiMedx\.\Datasheets\MasterTestData_QA.xls] which contains [15] sheets.
 INFO [main] (ExcelReaderImpl.java:279) - The './Datasheets/MasterTestData_QA.xls' workbook has been initialized now
 INFO [main] (ExcelReaderImpl.java:123) - The data has been loaded of sheet : 'EligibilityReview', of the workbook : './Datasheets/MasterTestData_QA.xls'.
 INFO [main] (ExcelReaderImpl.java:425) - The default row identifier column name for the sheet [EligibilityReview] is [TestCaseName].
 INFO [main] (ExcelReaderImpl.java:509) - Getting the all values for the  rowidentifire column = TestCaseName in the sheet name =EligibilityReview in the workbook = ./Datasheets/MasterTestData_QA.xls
 INFO [main] (ExcelReaderImpl.java:497) - Getting the all values for the  rowidentifire column = TestCaseName in the sheet name =EligibilityReview in the workbook = ./Datasheets/MasterTestData_QA.xls
 INFO [main] (Launcher.java:880) - Running testcase:SBWEB-255_VerifyRejectButtonFunctionality
 INFO [main] (ExcelReaderImpl.java:241) - The './Datasheets/MasterTestData_QA.xls' workbook is not initialized yet , is going to be initialize
 INFO [main] (ExcelReaderImpl.java:265) - The workbook has been initialized from [E:\Workspace\MiMedx\.\Datasheets\MasterTestData_QA.xls] which contains [15] sheets.
 INFO [main] (ExcelReaderImpl.java:279) - The './Datasheets/MasterTestData_QA.xls' workbook has been initialized now
 INFO [main] (ExternalScriptRunner.java:59) - running script:E:\Workspace\MiMedx\.\TestScript\EligibilityReview\SBWEB-255_VerifyRejectButtonFunctionality.txt
 INFO [main] (FileUtil.java:63) - The application directory= 'SeAP' at location = 'C:\Users\ashishk\AppData\Roaming' has been created
 INFO [main] (FileUtil.java:69) - The repository file = 'C:\Users\ashishk\AppData\Roaming\SeAP\repository.properties' has been created
 INFO [main] (FileUtil.java:72) - The Object of FileUtil has been Initialized
 INFO [main] (JVMUtil.java:89) - Reading java source template file TestScriptTemplate.tmpl from classpath.
 INFO [main] (JVMUtil.java:131) - Merging methods written in :E:\Workspace\MiMedx\.\lib\func_application.txt
 INFO [main] (JVMUtil.java:180) - removing previous compilation log file:E:\Workspace\MiMedx\.\Logs\CompilationResult.txt
 INFO [main] (HtmlReporter.java:104) - Reading teststep report template file [htmlTestStepReportTemplate.tmpl]
 INFO [main] (Launcher.java:1642) - The TestCase Data File Name from where the data will be taken to execute testcase = ./Datasheets/MasterTestData_QA.xls
 INFO [main] (Launcher.java:1642) - The TestCase Data File Name from where the data will be taken to execute testcase = ./Datasheets/MasterTestData_QA.xls
 INFO [main] (Launcher.java:1642) - The TestCase Data File Name from where the data will be taken to execute testcase = ./Datasheets/MasterTestData_QA.xls
 INFO [main] (Launcher.java:1642) - The TestCase Data File Name from where the data will be taken to execute testcase = ./Datasheets/MasterTestData_QA.xls
 INFO [main] (Launcher.java:1642) - The TestCase Data File Name from where the data will be taken to execute testcase = ./Datasheets/MasterTestData_QA.xls
 INFO [main] (Launcher.java:1642) - The TestCase Data File Name from where the data will be taken to execute testcase = ./Datasheets/MasterTestData_QA.xls
 INFO [main] (AbstractReporter.java:319) - report saved:E:\Workspace\MiMedx\.\Reports\EligibilityReview\SBWEB-255\SBWEB-255_VerifyRejectButtonFunctionality_07_31_2014_14_50_41.html
 INFO [main] (Launcher.java:1012) - Jira integration not requested in config file.
 INFO [main] (Launcher.java:1101) - Script end
 INFO [main] (ExcelReaderImpl.java:241) - The '.\Datasheets\Config.xls' workbook is not initialized yet , is going to be initialize
 INFO [main] (ExcelReaderImpl.java:265) - The workbook has been initialized from [E:\Workspace\MiMedx\.\Datasheets\Config.xls] which contains [2] sheets.
 INFO [main] (ExcelReaderImpl.java:279) - The '.\Datasheets\Config.xls' workbook has been initialized now
 INFO [main] (ExcelReaderImpl.java:123) - The data has been loaded of sheet : 'Config', of the workbook : '.\Datasheets\Config.xls'.
 INFO [main] (ExcelReaderImpl.java:425) - The default row identifier column name for the sheet [Config] is [TestParameters].
 INFO [main] (ExcelReaderImpl.java:509) - Getting the all values for the  rowidentifire column = TestParameters in the sheet name =Config in the workbook = .\Datasheets\Config.xls
 INFO [main] (ExcelReaderImpl.java:497) - Getting the all values for the  rowidentifire column = TestParameters in the sheet name =Config in the workbook = .\Datasheets\Config.xls
 INFO [main] (Launcher.java:1677) - The Opted TescSuite file name is = ./TestSuite/RegressionTestSuite.xls
 INFO [main] (ExcelReaderImpl.java:97) - The sheet index 'null' is not loaded yet, is going to be loaded
 INFO [main] (ExcelReaderImpl.java:241) - The './TestSuite/RegressionTestSuite.xls' workbook is not initialized yet , is going to be initialize
 INFO [main] (ExcelReaderImpl.java:265) - The workbook has been initialized from [E:\Workspace\MiMedx\.\TestSuite\RegressionTestSuite.xls] which contains [3] sheets.
 INFO [main] (ExcelReaderImpl.java:279) - The './TestSuite/RegressionTestSuite.xls' workbook has been initialized now
 INFO [main] (ExcelReaderImpl.java:123) - The data has been loaded of sheet : 'RecoveredTissue', of the workbook : './TestSuite/RegressionTestSuite.xls'.
 INFO [main] (ExcelReaderImpl.java:425) - The default row identifier column name for the sheet [RecoveredTissue] is [TestCaseName].
 INFO [main] (ExcelReaderImpl.java:241) - The './Datasheets/MasterTestData_QA.xls' workbook is not initialized yet , is going to be initialize
 INFO [main] (ExcelReaderImpl.java:265) - The workbook has been initialized from [E:\Workspace\MiMedx\.\Datasheets\MasterTestData_QA.xls] which contains [15] sheets.
 INFO [main] (ExcelReaderImpl.java:279) - The './Datasheets/MasterTestData_QA.xls' workbook has been initialized now
 INFO [main] (ExcelReaderImpl.java:123) - The data has been loaded of sheet : 'CommonValues', of the workbook : './Datasheets/MasterTestData_QA.xls'.
 INFO [main] (ExcelReaderImpl.java:425) - The default row identifier column name for the sheet [CommonValues] is [ITEM].
 INFO [main] (ExcelReaderImpl.java:509) - Getting the all values for the  rowidentifire column = ITEM in the sheet name =CommonValues in the workbook = ./Datasheets/MasterTestData_QA.xls
 INFO [main] (ExcelReaderImpl.java:497) - Getting the all values for the  rowidentifire column = ITEM in the sheet name =CommonValues in the workbook = ./Datasheets/MasterTestData_QA.xls
 INFO [main] (ExcelReaderImpl.java:425) - The default row identifier column name for the sheet [RecoveredTissue] is [TestCaseName].
 INFO [main] (ExcelReaderImpl.java:497) - Getting the all values for the  rowidentifire column = TestCaseName in the sheet name =RecoveredTissue in the workbook = ./TestSuite/RegressionTestSuite.xls
 INFO [main] (Launcher.java:770) - running testsuite:./TestSuite/RegressionTestSuite.xls
 INFO [main] (ExcelReaderImpl.java:123) - The data has been loaded of sheet : 'ReleaseProcessing', of the workbook : './TestSuite/RegressionTestSuite.xls'.
 INFO [main] (ExcelReaderImpl.java:425) - The default row identifier column name for the sheet [ReleaseProcessing] is [TestCaseName].
 INFO [main] (ExcelReaderImpl.java:497) - Getting the all values for the  rowidentifire column = TestCaseName in the sheet name =ReleaseProcessing in the workbook = ./TestSuite/RegressionTestSuite.xls
 INFO [main] (Launcher.java:770) - running testsuite:./TestSuite/RegressionTestSuite.xls
 INFO [main] (ExcelReaderImpl.java:123) - The data has been loaded of sheet : 'EligibilityReview', of the workbook : './TestSuite/RegressionTestSuite.xls'.
 INFO [main] (ExcelReaderImpl.java:425) - The default row identifier column name for the sheet [EligibilityReview] is [TestCaseName].
 INFO [main] (ExcelReaderImpl.java:497) - Getting the all values for the  rowidentifire column = TestCaseName in the sheet name =EligibilityReview in the workbook = ./TestSuite/RegressionTestSuite.xls
 INFO [main] (Launcher.java:770) - running testsuite:./TestSuite/RegressionTestSuite.xls
 INFO [main] (ExcelReaderImpl.java:241) - The './Datasheets/MasterTestData_QA.xls' workbook is not initialized yet , is going to be initialize
 INFO [main] (ExcelReaderImpl.java:265) - The workbook has been initialized from [E:\Workspace\MiMedx\.\Datasheets\MasterTestData_QA.xls] which contains [15] sheets.
 INFO [main] (ExcelReaderImpl.java:279) - The './Datasheets/MasterTestData_QA.xls' workbook has been initialized now
 INFO [main] (ExcelReaderImpl.java:123) - The data has been loaded of sheet : 'EligibilityReview', of the workbook : './Datasheets/MasterTestData_QA.xls'.
 INFO [main] (ExcelReaderImpl.java:425) - The default row identifier column name for the sheet [EligibilityReview] is [TestCaseName].
 INFO [main] (ExcelReaderImpl.java:509) - Getting the all values for the  rowidentifire column = TestCaseName in the sheet name =EligibilityReview in the workbook = ./Datasheets/MasterTestData_QA.xls
 INFO [main] (ExcelReaderImpl.java:497) - Getting the all values for the  rowidentifire column = TestCaseName in the sheet name =EligibilityReview in the workbook = ./Datasheets/MasterTestData_QA.xls
 INFO [main] (Launcher.java:880) - Running testcase:SBWEB-255_VerifyRejectButtonFunctionality
 INFO [main] (ExcelReaderImpl.java:241) - The './Datasheets/MasterTestData_QA.xls' workbook is not initialized yet , is going to be initialize
 INFO [main] (ExcelReaderImpl.java:265) - The workbook has been initialized from [E:\Workspace\MiMedx\.\Datasheets\MasterTestData_QA.xls] which contains [15] sheets.
 INFO [main] (ExcelReaderImpl.java:279) - The './Datasheets/MasterTestData_QA.xls' workbook has been initialized now
 INFO [main] (ExternalScriptRunner.java:59) - running script:E:\Workspace\MiMedx\.\TestScript\EligibilityReview\SBWEB-255_VerifyRejectButtonFunctionality.txt
 INFO [main] (FileUtil.java:63) - The application directory= 'SeAP' at location = 'C:\Users\ashishk\AppData\Roaming' has been created
 INFO [main] (FileUtil.java:69) - The repository file = 'C:\Users\ashishk\AppData\Roaming\SeAP\repository.properties' has been created
 INFO [main] (FileUtil.java:72) - The Object of FileUtil has been Initialized
 INFO [main] (JVMUtil.java:89) - Reading java source template file TestScriptTemplate.tmpl from classpath.
 INFO [main] (JVMUtil.java:131) - Merging methods written in :E:\Workspace\MiMedx\.\lib\func_application.txt
 INFO [main] (JVMUtil.java:180) - removing previous compilation log file:E:\Workspace\MiMedx\.\Logs\CompilationResult.txt
 INFO [main] (HtmlReporter.java:104) - Reading teststep report template file [htmlTestStepReportTemplate.tmpl]
 INFO [main] (Launcher.java:1642) - The TestCase Data File Name from where the data will be taken to execute testcase = ./Datasheets/MasterTestData_QA.xls
 INFO [main] (Launcher.java:1642) - The TestCase Data File Name from where the data will be taken to execute testcase = ./Datasheets/MasterTestData_QA.xls
 INFO [main] (Launcher.java:1642) - The TestCase Data File Name from where the data will be taken to execute testcase = ./Datasheets/MasterTestData_QA.xls
 INFO [main] (Launcher.java:1642) - The TestCase Data File Name from where the data will be taken to execute testcase = ./Datasheets/MasterTestData_QA.xls
 INFO [main] (AbstractReporter.java:257) - Screen captured and saved:E:\Workspace\MiMedx\.\Reports\EligibilityReview\SBWEB-255\SBWEB-255_VerifyRejectButtonFunctionality_07_31_2014_14_53_50_5.JPG
 INFO [main] (Launcher.java:1642) - The TestCase Data File Name from where the data will be taken to execute testcase = ./Datasheets/MasterTestData_QA.xls
 INFO [main] (Launcher.java:1642) - The TestCase Data File Name from where the data will be taken to execute testcase = ./Datasheets/MasterTestData_QA.xls
 INFO [main] (Launcher.java:1642) - The TestCase Data File Name from where the data will be taken to execute testcase = ./Datasheets/MasterTestData_QA.xls
 INFO [main] (Launcher.java:1642) - The TestCase Data File Name from where the data will be taken to execute testcase = ./Datasheets/MasterTestData_QA.xls
 INFO [main] (Launcher.java:1642) - The TestCase Data File Name from where the data will be taken to execute testcase = ./Datasheets/MasterTestData_QA.xls
 INFO [main] (AbstractReporter.java:319) - report saved:E:\Workspace\MiMedx\.\Reports\EligibilityReview\SBWEB-255\SBWEB-255_VerifyRejectButtonFunctionality_07_31_2014_14_53_50.html
 INFO [main] (Launcher.java:1012) - Jira integration not requested in config file.
 INFO [main] (Launcher.java:1101) - Script end
 INFO [main] (?:?) - The '.\Datasheets\Config.xls' workbook is not initialized yet , is going to be initialize
 INFO [main] (?:?) - The workbook has been initialized from [D:\Workspace\MiMedx\dist\.\Datasheets\Config.xls] which contains [2] sheets.
 INFO [main] (?:?) - The '.\Datasheets\Config.xls' workbook has been initialized now
 INFO [main] (?:?) - The data has been loaded of sheet : 'Config', of the workbook : '.\Datasheets\Config.xls'.
 INFO [main] (?:?) - The default row identifier column name for the sheet [Config] is [TestParameters].
 INFO [main] (?:?) - Getting the all values for the  rowidentifire column = TestParameters in the sheet name =Config in the workbook = .\Datasheets\Config.xls
 INFO [main] (?:?) - Getting the all values for the  rowidentifire column = TestParameters in the sheet name =Config in the workbook = .\Datasheets\Config.xls
 INFO [main] (?:?) - The Opted TescSuite file name is = ./TestSuite/RegressionTestSuite.xls
 INFO [main] (?:?) - The sheet index 'null' is not loaded yet, is going to be loaded
 INFO [main] (?:?) - The './TestSuite/RegressionTestSuite.xls' workbook is not initialized yet , is going to be initialize
 INFO [main] (?:?) - The workbook has been initialized from [D:\Workspace\MiMedx\dist\.\TestSuite\RegressionTestSuite.xls] which contains [3] sheets.
 INFO [main] (?:?) - The './TestSuite/RegressionTestSuite.xls' workbook has been initialized now
 INFO [main] (?:?) - The data has been loaded of sheet : 'RecoveredTissue', of the workbook : './TestSuite/RegressionTestSuite.xls'.
 INFO [main] (?:?) - The default row identifier column name for the sheet [RecoveredTissue] is [TestCaseName].
 INFO [main] (?:?) - The './Datasheets/MasterTestData_QA.xls' workbook is not initialized yet , is going to be initialize
 INFO [main] (?:?) - The workbook has been initialized from [D:\Workspace\MiMedx\dist\.\Datasheets\MasterTestData_QA.xls] which contains [15] sheets.
 INFO [main] (?:?) - The './Datasheets/MasterTestData_QA.xls' workbook has been initialized now
 INFO [main] (?:?) - The data has been loaded of sheet : 'CommonValues', of the workbook : './Datasheets/MasterTestData_QA.xls'.
 INFO [main] (?:?) - The default row identifier column name for the sheet [CommonValues] is [ITEM].
 INFO [main] (?:?) - Getting the all values for the  rowidentifire column = ITEM in the sheet name =CommonValues in the workbook = ./Datasheets/MasterTestData_QA.xls
 INFO [main] (?:?) - Getting the all values for the  rowidentifire column = ITEM in the sheet name =CommonValues in the workbook = ./Datasheets/MasterTestData_QA.xls
 INFO [main] (?:?) - The default row identifier column name for the sheet [RecoveredTissue] is [TestCaseName].
 INFO [main] (?:?) - Getting the all values for the  rowidentifire column = TestCaseName in the sheet name =RecoveredTissue in the workbook = ./TestSuite/RegressionTestSuite.xls
 INFO [main] (?:?) - running testsuite:./TestSuite/RegressionTestSuite.xls
 INFO [main] (?:?) - The data has been loaded of sheet : 'ReleaseProcessing', of the workbook : './TestSuite/RegressionTestSuite.xls'.
 INFO [main] (?:?) - The default row identifier column name for the sheet [ReleaseProcessing] is [TestCaseName].
 INFO [main] (?:?) - Getting the all values for the  rowidentifire column = TestCaseName in the sheet name =ReleaseProcessing in the workbook = ./TestSuite/RegressionTestSuite.xls
 INFO [main] (?:?) - running testsuite:./TestSuite/RegressionTestSuite.xls
 INFO [main] (?:?) - The data has been loaded of sheet : 'EligibilityReview', of the workbook : './TestSuite/RegressionTestSuite.xls'.
 INFO [main] (?:?) - The default row identifier column name for the sheet [EligibilityReview] is [TestCaseName].
 INFO [main] (?:?) - Getting the all values for the  rowidentifire column = TestCaseName in the sheet name =EligibilityReview in the workbook = ./TestSuite/RegressionTestSuite.xls
 INFO [main] (?:?) - running testsuite:./TestSuite/RegressionTestSuite.xls
 INFO [main] (?:?) - The './Datasheets/MasterTestData_QA.xls' workbook is not initialized yet , is going to be initialize
 INFO [main] (?:?) - The workbook has been initialized from [D:\Workspace\MiMedx\dist\.\Datasheets\MasterTestData_QA.xls] which contains [15] sheets.
 INFO [main] (?:?) - The './Datasheets/MasterTestData_QA.xls' workbook has been initialized now
 INFO [main] (?:?) - The data has been loaded of sheet : 'EligibilityReview', of the workbook : './Datasheets/MasterTestData_QA.xls'.
 INFO [main] (?:?) - The default row identifier column name for the sheet [EligibilityReview] is [TestCaseName].
 INFO [main] (?:?) - Getting the all values for the  rowidentifire column = TestCaseName in the sheet name =EligibilityReview in the workbook = ./Datasheets/MasterTestData_QA.xls
 INFO [main] (?:?) - Getting the all values for the  rowidentifire column = TestCaseName in the sheet name =EligibilityReview in the workbook = ./Datasheets/MasterTestData_QA.xls
 INFO [main] (?:?) - Running testcase:SBWEB-255_VerifyRejectButtonFunctionality
 INFO [main] (?:?) - The './Datasheets/MasterTestData_QA.xls' workbook is not initialized yet , is going to be initialize
 INFO [main] (?:?) - The workbook has been initialized from [D:\Workspace\MiMedx\dist\.\Datasheets\MasterTestData_QA.xls] which contains [15] sheets.
 INFO [main] (?:?) - The './Datasheets/MasterTestData_QA.xls' workbook has been initialized now
 INFO [main] (?:?) - running script:D:\Workspace\MiMedx\dist\.\TestScript\EligibilityReview\SBWEB-255_VerifyRejectButtonFunctionality.txt
 INFO [main] (?:?) - The application directory= 'SeAP' at location = 'C:\Users\ashishk\AppData\Roaming' has been created
 INFO [main] (?:?) - The repository file = 'C:\Users\ashishk\AppData\Roaming\SeAP\repository.properties' has been created
 INFO [main] (?:?) - The Object of FileUtil has been Initialized
 INFO [main] (?:?) - The script file 'D:\Workspace\MiMedx\dist\.\TestScript\EligibilityReview\SBWEB-255_VerifyRejectButtonFunctionality.txt' has added in repository
 INFO [main] (?:?) - Reading java source template file TestScriptTemplate.tmpl from classpath.
 INFO [main] (?:?) - Merging methods written in :D:\Workspace\MiMedx\dist\.\lib\func_application.txt
 INFO [main] (?:?) - removing previous compilation log file:D:\Workspace\MiMedx\dist\.\Logs\CompilationResult.txt
 INFO [main] (?:?) - Reading teststep report template file [htmlTestStepReportTemplate.tmpl]
 INFO [main] (?:?) - The TestCase Data File Name from where the data will be taken to execute testcase = ./Datasheets/MasterTestData_QA.xls
 INFO [main] (?:?) - The TestCase Data File Name from where the data will be taken to execute testcase = ./Datasheets/MasterTestData_QA.xls
 INFO [main] (?:?) - The TestCase Data File Name from where the data will be taken to execute testcase = ./Datasheets/MasterTestData_QA.xls
 INFO [main] (?:?) - The TestCase Data File Name from where the data will be taken to execute testcase = ./Datasheets/MasterTestData_QA.xls
 INFO [main] (?:?) - The TestCase Data File Name from where the data will be taken to execute testcase = ./Datasheets/MasterTestData_QA.xls
 INFO [main] (?:?) - The TestCase Data File Name from where the data will be taken to execute testcase = ./Datasheets/MasterTestData_QA.xls
 INFO [main] (?:?) - The TestCase Data File Name from where the data will be taken to execute testcase = ./Datasheets/MasterTestData_QA.xls
 INFO [main] (?:?) - report saved:D:\Workspace\MiMedx\dist\.\Reports\EligibilityReview\SBWEB-255\SBWEB-255_VerifyRejectButtonFunctionality_07_31_2014_08_43_09.html
 INFO [main] (?:?) - Jira integration not requested in config file.
 INFO [main] (?:?) - Script end
 INFO [main] (?:?) - The '.\Datasheets\Config.xls' workbook is not initialized yet , is going to be initialize
 INFO [main] (?:?) - The workbook has been initialized from [D:\Workspace\MiMedx\dist\.\Datasheets\Config.xls] which contains [2] sheets.
 INFO [main] (?:?) - The '.\Datasheets\Config.xls' workbook has been initialized now
 INFO [main] (?:?) - The data has been loaded of sheet : 'Config', of the workbook : '.\Datasheets\Config.xls'.
 INFO [main] (?:?) - The default row identifier column name for the sheet [Config] is [TestParameters].
 INFO [main] (?:?) - Getting the all values for the  rowidentifire column = TestParameters in the sheet name =Config in the workbook = .\Datasheets\Config.xls
 INFO [main] (?:?) - Getting the all values for the  rowidentifire column = TestParameters in the sheet name =Config in the workbook = .\Datasheets\Config.xls
 INFO [main] (?:?) - The Opted TescSuite file name is = ./TestSuite/RegressionTestSuite.xls
 INFO [main] (?:?) - The sheet index 'null' is not loaded yet, is going to be loaded
 INFO [main] (?:?) - The './TestSuite/RegressionTestSuite.xls' workbook is not initialized yet , is going to be initialize
 INFO [main] (?:?) - The workbook has been initialized from [D:\Workspace\MiMedx\dist\.\TestSuite\RegressionTestSuite.xls] which contains [3] sheets.
 INFO [main] (?:?) - The './TestSuite/RegressionTestSuite.xls' workbook has been initialized now
 INFO [main] (?:?) - The data has been loaded of sheet : 'RecoveredTissue', of the workbook : './TestSuite/RegressionTestSuite.xls'.
 INFO [main] (?:?) - The default row identifier column name for the sheet [RecoveredTissue] is [TestCaseName].
 INFO [main] (?:?) - The './Datasheets/MasterTestData_QA.xls' workbook is not initialized yet , is going to be initialize
 INFO [main] (?:?) - The workbook has been initialized from [D:\Workspace\MiMedx\dist\.\Datasheets\MasterTestData_QA.xls] which contains [15] sheets.
 INFO [main] (?:?) - The './Datasheets/MasterTestData_QA.xls' workbook has been initialized now
 INFO [main] (?:?) - The data has been loaded of sheet : 'CommonValues', of the workbook : './Datasheets/MasterTestData_QA.xls'.
 INFO [main] (?:?) - The default row identifier column name for the sheet [CommonValues] is [ITEM].
 INFO [main] (?:?) - Getting the all values for the  rowidentifire column = ITEM in the sheet name =CommonValues in the workbook = ./Datasheets/MasterTestData_QA.xls
 INFO [main] (?:?) - Getting the all values for the  rowidentifire column = ITEM in the sheet name =CommonValues in the workbook = ./Datasheets/MasterTestData_QA.xls
 INFO [main] (?:?) - The default row identifier column name for the sheet [RecoveredTissue] is [TestCaseName].
 INFO [main] (?:?) - Getting the all values for the  rowidentifire column = TestCaseName in the sheet name =RecoveredTissue in the workbook = ./TestSuite/RegressionTestSuite.xls
 INFO [main] (?:?) - running testsuite:./TestSuite/RegressionTestSuite.xls
 INFO [main] (?:?) - The './Datasheets/MasterTestData_QA.xls' workbook is not initialized yet , is going to be initialize
 INFO [main] (?:?) - The workbook has been initialized from [D:\Workspace\MiMedx\dist\.\Datasheets\MasterTestData_QA.xls] which contains [15] sheets.
 INFO [main] (?:?) - The './Datasheets/MasterTestData_QA.xls' workbook has been initialized now
 INFO [main] (?:?) - The data has been loaded of sheet : 'RecoveredTissue', of the workbook : './Datasheets/MasterTestData_QA.xls'.
 INFO [main] (?:?) - The default row identifier column name for the sheet [RecoveredTissue] is [TestCaseName].
 INFO [main] (?:?) - Getting the all values for the  rowidentifire column = TestCaseName in the sheet name =RecoveredTissue in the workbook = ./Datasheets/MasterTestData_QA.xls
 INFO [main] (?:?) - Getting the all values for the  rowidentifire column = TestCaseName in the sheet name =RecoveredTissue in the workbook = ./Datasheets/MasterTestData_QA.xls
 INFO [main] (?:?) - Running testcase:SBWEB-232_VerifyRecoveredTissueLandingPage
 INFO [main] (?:?) - The './Datasheets/MasterTestData_QA.xls' workbook is not initialized yet , is going to be initialize
 INFO [main] (?:?) - The workbook has been initialized from [D:\Workspace\MiMedx\dist\.\Datasheets\MasterTestData_QA.xls] which contains [15] sheets.
 INFO [main] (?:?) - The './Datasheets/MasterTestData_QA.xls' workbook has been initialized now
 INFO [main] (?:?) - running script:D:\Workspace\MiMedx\dist\.\TestScript\RecoveredTissue\SBWEB-232_VerifyRecoveredTissueLandingPage.txt
 INFO [main] (?:?) - The application directory= 'SeAP' at location = 'C:\Users\ashishk\AppData\Roaming' has been created
 INFO [main] (?:?) - The repository file = 'C:\Users\ashishk\AppData\Roaming\SeAP\repository.properties' has been created
 INFO [main] (?:?) - The Object of FileUtil has been Initialized
 INFO [main] (?:?) - The script file 'D:\Workspace\MiMedx\dist\.\TestScript\RecoveredTissue\SBWEB-232_VerifyRecoveredTissueLandingPage.txt' has added in repository
 INFO [main] (?:?) - Reading java source template file TestScriptTemplate.tmpl from classpath.
 INFO [main] (?:?) - Merging methods written in :D:\Workspace\MiMedx\dist\.\lib\func_application.txt
 INFO [main] (?:?) - removing previous compilation log file:D:\Workspace\MiMedx\dist\.\Logs\CompilationResult.txt
 INFO [main] (?:?) - Screen captured and saved:D:\Workspace\MiMedx\dist\.\Reports\RecoveredTissue\SBWEB-232\SBWEB-232_VerifyRecoveredTissueLandingPage_07_31_2014_08_50_53_1.JPG
 INFO [main] (?:?) - Reading teststep report template file [htmlTestStepReportTemplate.tmpl]
 INFO [main] (?:?) - The TestCase Data File Name from where the data will be taken to execute testcase = ./Datasheets/MasterTestData_QA.xls
 INFO [main] (?:?) - Screen captured and saved:D:\Workspace\MiMedx\dist\.\Reports\RecoveredTissue\SBWEB-232\SBWEB-232_VerifyRecoveredTissueLandingPage_07_31_2014_08_50_53_2.JPG
 INFO [main] (?:?) - The TestCase Data File Name from where the data will be taken to execute testcase = ./Datasheets/MasterTestData_QA.xls
 INFO [main] (?:?) - Screen captured and saved:D:\Workspace\MiMedx\dist\.\Reports\RecoveredTissue\SBWEB-232\SBWEB-232_VerifyRecoveredTissueLandingPage_07_31_2014_08_50_53_3.JPG
 INFO [main] (?:?) - The TestCase Data File Name from where the data will be taken to execute testcase = ./Datasheets/MasterTestData_QA.xls
 INFO [main] (?:?) - Screen captured and saved:D:\Workspace\MiMedx\dist\.\Reports\RecoveredTissue\SBWEB-232\SBWEB-232_VerifyRecoveredTissueLandingPage_07_31_2014_08_50_53_4.JPG
 INFO [main] (?:?) - The TestCase Data File Name from where the data will be taken to execute testcase = ./Datasheets/MasterTestData_QA.xls
 INFO [main] (?:?) - Screen captured and saved:D:\Workspace\MiMedx\dist\.\Reports\RecoveredTissue\SBWEB-232\SBWEB-232_VerifyRecoveredTissueLandingPage_07_31_2014_08_50_53_5.JPG
 INFO [main] (?:?) - report saved:D:\Workspace\MiMedx\dist\.\Reports\RecoveredTissue\SBWEB-232\SBWEB-232_VerifyRecoveredTissueLandingPage_07_31_2014_08_50_53.html
 INFO [main] (?:?) - Jira integration requested in config file and status of execution updated in Jira.
 INFO [main] (?:?) - The data has been loaded of sheet : 'ReleaseProcessing', of the workbook : './TestSuite/RegressionTestSuite.xls'.
 INFO [main] (?:?) - The default row identifier column name for the sheet [ReleaseProcessing] is [TestCaseName].
 INFO [main] (?:?) - Getting the all values for the  rowidentifire column = TestCaseName in the sheet name =ReleaseProcessing in the workbook = ./TestSuite/RegressionTestSuite.xls
 INFO [main] (?:?) - running testsuite:./TestSuite/RegressionTestSuite.xls
 INFO [main] (?:?) - The data has been loaded of sheet : 'EligibilityReview', of the workbook : './TestSuite/RegressionTestSuite.xls'.
 INFO [main] (?:?) - The default row identifier column name for the sheet [EligibilityReview] is [TestCaseName].
 INFO [main] (?:?) - Getting the all values for the  rowidentifire column = TestCaseName in the sheet name =EligibilityReview in the workbook = ./TestSuite/RegressionTestSuite.xls
 INFO [main] (?:?) - running testsuite:./TestSuite/RegressionTestSuite.xls
 INFO [main] (?:?) - Script end
 INFO [main] (?:?) - The '.\Datasheets\Config.xls' workbook is not initialized yet , is going to be initialize
 INFO [main] (?:?) - The workbook has been initialized from [D:\Workspace\MiMedx\dist\.\Datasheets\Config.xls] which contains [2] sheets.
 INFO [main] (?:?) - The '.\Datasheets\Config.xls' workbook has been initialized now
 INFO [main] (?:?) - The data has been loaded of sheet : 'Config', of the workbook : '.\Datasheets\Config.xls'.
 INFO [main] (?:?) - The default row identifier column name for the sheet [Config] is [TestParameters].
 INFO [main] (?:?) - Getting the all values for the  rowidentifire column = TestParameters in the sheet name =Config in the workbook = .\Datasheets\Config.xls
 INFO [main] (?:?) - Getting the all values for the  rowidentifire column = TestParameters in the sheet name =Config in the workbook = .\Datasheets\Config.xls
 INFO [main] (?:?) - The Opted TescSuite file name is = ./TestSuite/RegressionTestSuite.xls
 INFO [main] (?:?) - The sheet index 'null' is not loaded yet, is going to be loaded
 INFO [main] (?:?) - The './TestSuite/RegressionTestSuite.xls' workbook is not initialized yet , is going to be initialize
 INFO [main] (?:?) - The workbook has been initialized from [D:\Workspace\MiMedx\dist\.\TestSuite\RegressionTestSuite.xls] which contains [3] sheets.
 INFO [main] (?:?) - The './TestSuite/RegressionTestSuite.xls' workbook has been initialized now
 INFO [main] (?:?) - The data has been loaded of sheet : 'RecoveredTissue', of the workbook : './TestSuite/RegressionTestSuite.xls'.
 INFO [main] (?:?) - The default row identifier column name for the sheet [RecoveredTissue] is [TestCaseName].
 INFO [main] (?:?) - The './Datasheets/MasterTestData_QA.xls' workbook is not initialized yet , is going to be initialize
 INFO [main] (?:?) - The workbook has been initialized from [D:\Workspace\MiMedx\dist\.\Datasheets\MasterTestData_QA.xls] which contains [15] sheets.
 INFO [main] (?:?) - The './Datasheets/MasterTestData_QA.xls' workbook has been initialized now
 INFO [main] (?:?) - The data has been loaded of sheet : 'CommonValues', of the workbook : './Datasheets/MasterTestData_QA.xls'.
 INFO [main] (?:?) - The default row identifier column name for the sheet [CommonValues] is [ITEM].
 INFO [main] (?:?) - Getting the all values for the  rowidentifire column = ITEM in the sheet name =CommonValues in the workbook = ./Datasheets/MasterTestData_QA.xls
 INFO [main] (?:?) - Getting the all values for the  rowidentifire column = ITEM in the sheet name =CommonValues in the workbook = ./Datasheets/MasterTestData_QA.xls
 INFO [main] (?:?) - The default row identifier column name for the sheet [RecoveredTissue] is [TestCaseName].
 INFO [main] (?:?) - Getting the all values for the  rowidentifire column = TestCaseName in the sheet name =RecoveredTissue in the workbook = ./TestSuite/RegressionTestSuite.xls
 INFO [main] (?:?) - running testsuite:./TestSuite/RegressionTestSuite.xls
 INFO [main] (?:?) - The './Datasheets/MasterTestData_QA.xls' workbook is not initialized yet , is going to be initialize
 INFO [main] (?:?) - The workbook has been initialized from [D:\Workspace\MiMedx\dist\.\Datasheets\MasterTestData_QA.xls] which contains [15] sheets.
 INFO [main] (?:?) - The './Datasheets/MasterTestData_QA.xls' workbook has been initialized now
 INFO [main] (?:?) - The data has been loaded of sheet : 'RecoveredTissue', of the workbook : './Datasheets/MasterTestData_QA.xls'.
 INFO [main] (?:?) - The default row identifier column name for the sheet [RecoveredTissue] is [TestCaseName].
 INFO [main] (?:?) - Getting the all values for the  rowidentifire column = TestCaseName in the sheet name =RecoveredTissue in the workbook = ./Datasheets/MasterTestData_QA.xls
 INFO [main] (?:?) - Getting the all values for the  rowidentifire column = TestCaseName in the sheet name =RecoveredTissue in the workbook = ./Datasheets/MasterTestData_QA.xls
 INFO [main] (?:?) - Running testcase:SBWEB-232_VerifyRecoveredTissueLandingPage
 INFO [main] (?:?) - The './Datasheets/MasterTestData_QA.xls' workbook is not initialized yet , is going to be initialize
 INFO [main] (?:?) - The workbook has been initialized from [D:\Workspace\MiMedx\dist\.\Datasheets\MasterTestData_QA.xls] which contains [15] sheets.
 INFO [main] (?:?) - The './Datasheets/MasterTestData_QA.xls' workbook has been initialized now
 INFO [main] (?:?) - running script:D:\Workspace\MiMedx\dist\.\TestScript\RecoveredTissue\SBWEB-232_VerifyRecoveredTissueLandingPage.txt
 INFO [main] (?:?) - The application directory= 'SeAP' at location = 'C:\Users\ashishk\AppData\Roaming' has been created
 INFO [main] (?:?) - The repository file = 'C:\Users\ashishk\AppData\Roaming\SeAP\repository.properties' has been created
 INFO [main] (?:?) - The Object of FileUtil has been Initialized
 INFO [main] (?:?) - Reading java source template file TestScriptTemplate.tmpl from classpath.
 INFO [main] (?:?) - Merging methods written in :D:\Workspace\MiMedx\dist\.\lib\func_application.txt
 INFO [main] (?:?) - removing previous compilation log file:D:\Workspace\MiMedx\dist\.\Logs\CompilationResult.txt
 INFO [main] (?:?) - Reading teststep report template file [htmlTestStepReportTemplate.tmpl]
 INFO [main] (?:?) - Screen captured and saved:D:\Workspace\MiMedx\dist\.\Reports\RecoveredTissue\SBWEB-232\SBWEB-232_VerifyRecoveredTissueLandingPage_07_31_2014_09_08_22_2.JPG
 INFO [main] (?:?) - Screen captured and saved:D:\Workspace\MiMedx\dist\.\Reports\RecoveredTissue\SBWEB-232\SBWEB-232_VerifyRecoveredTissueLandingPage_07_31_2014_09_08_22_3.JPG
 INFO [main] (?:?) - Screen captured and saved:D:\Workspace\MiMedx\dist\.\Reports\RecoveredTissue\SBWEB-232\SBWEB-232_VerifyRecoveredTissueLandingPage_07_31_2014_09_08_22_4.JPG
 INFO [main] (?:?) - Screen captured and saved:D:\Workspace\MiMedx\dist\.\Reports\RecoveredTissue\SBWEB-232\SBWEB-232_VerifyRecoveredTissueLandingPage_07_31_2014_09_08_22_5.JPG
 INFO [main] (?:?) - report saved:D:\Workspace\MiMedx\dist\.\Reports\RecoveredTissue\SBWEB-232\SBWEB-232_VerifyRecoveredTissueLandingPage_07_31_2014_09_08_22.html
 INFO [main] (?:?) - Jira integration not requested in config file.
 INFO [main] (?:?) - The data has been loaded of sheet : 'ReleaseProcessing', of the workbook : './TestSuite/RegressionTestSuite.xls'.
 INFO [main] (?:?) - The default row identifier column name for the sheet [ReleaseProcessing] is [TestCaseName].
 INFO [main] (?:?) - Getting the all values for the  rowidentifire column = TestCaseName in the sheet name =ReleaseProcessing in the workbook = ./TestSuite/RegressionTestSuite.xls
 INFO [main] (?:?) - running testsuite:./TestSuite/RegressionTestSuite.xls
 INFO [main] (?:?) - The data has been loaded of sheet : 'EligibilityReview', of the workbook : './TestSuite/RegressionTestSuite.xls'.
 INFO [main] (?:?) - The default row identifier column name for the sheet [EligibilityReview] is [TestCaseName].
 INFO [main] (?:?) - Getting the all values for the  rowidentifire column = TestCaseName in the sheet name =EligibilityReview in the workbook = ./TestSuite/RegressionTestSuite.xls
 INFO [main] (?:?) - running testsuite:./TestSuite/RegressionTestSuite.xls
 INFO [main] (?:?) - Script end
 INFO [main] (?:?) - The '.\Datasheets\Config.xls' workbook is not initialized yet , is going to be initialize
 INFO [main] (?:?) - The workbook has been initialized from [D:\Workspace\MiMedx\dist\.\Datasheets\Config.xls] which contains [2] sheets.
 INFO [main] (?:?) - The '.\Datasheets\Config.xls' workbook has been initialized now
 INFO [main] (?:?) - The data has been loaded of sheet : 'Config', of the workbook : '.\Datasheets\Config.xls'.
 INFO [main] (?:?) - The default row identifier column name for the sheet [Config] is [TestParameters].
 INFO [main] (?:?) - Getting the all values for the  rowidentifire column = TestParameters in the sheet name =Config in the workbook = .\Datasheets\Config.xls
 INFO [main] (?:?) - Getting the all values for the  rowidentifire column = TestParameters in the sheet name =Config in the workbook = .\Datasheets\Config.xls
 INFO [main] (?:?) - The Opted TescSuite file name is = ./TestSuite/RegressionTestSuite.xls
 INFO [main] (?:?) - The sheet index 'null' is not loaded yet, is going to be loaded
 INFO [main] (?:?) - The './TestSuite/RegressionTestSuite.xls' workbook is not initialized yet , is going to be initialize
 INFO [main] (?:?) - The workbook has been initialized from [D:\Workspace\MiMedx\dist\.\TestSuite\RegressionTestSuite.xls] which contains [3] sheets.
 INFO [main] (?:?) - The './TestSuite/RegressionTestSuite.xls' workbook has been initialized now
 INFO [main] (?:?) - The data has been loaded of sheet : 'RecoveredTissue', of the workbook : './TestSuite/RegressionTestSuite.xls'.
 INFO [main] (?:?) - The default row identifier column name for the sheet [RecoveredTissue] is [TestCaseName].
 INFO [main] (?:?) - The './Datasheets/MasterTestData_QA.xls' workbook is not initialized yet , is going to be initialize
 INFO [main] (?:?) - The workbook has been initialized from [D:\Workspace\MiMedx\dist\.\Datasheets\MasterTestData_QA.xls] which contains [15] sheets.
 INFO [main] (?:?) - The './Datasheets/MasterTestData_QA.xls' workbook has been initialized now
 INFO [main] (?:?) - The data has been loaded of sheet : 'CommonValues', of the workbook : './Datasheets/MasterTestData_QA.xls'.
 INFO [main] (?:?) - The default row identifier column name for the sheet [CommonValues] is [ITEM].
 INFO [main] (?:?) - Getting the all values for the  rowidentifire column = ITEM in the sheet name =CommonValues in the workbook = ./Datasheets/MasterTestData_QA.xls
 INFO [main] (?:?) - Getting the all values for the  rowidentifire column = ITEM in the sheet name =CommonValues in the workbook = ./Datasheets/MasterTestData_QA.xls
 INFO [main] (?:?) - The default row identifier column name for the sheet [RecoveredTissue] is [TestCaseName].
 INFO [main] (?:?) - Getting the all values for the  rowidentifire column = TestCaseName in the sheet name =RecoveredTissue in the workbook = ./TestSuite/RegressionTestSuite.xls
 INFO [main] (?:?) - running testsuite:./TestSuite/RegressionTestSuite.xls
 INFO [main] (?:?) - The './Datasheets/MasterTestData_QA.xls' workbook is not initialized yet , is going to be initialize
 INFO [main] (?:?) - The workbook has been initialized from [D:\Workspace\MiMedx\dist\.\Datasheets\MasterTestData_QA.xls] which contains [15] sheets.
 INFO [main] (?:?) - The './Datasheets/MasterTestData_QA.xls' workbook has been initialized now
 INFO [main] (?:?) - The data has been loaded of sheet : 'RecoveredTissue', of the workbook : './Datasheets/MasterTestData_QA.xls'.
 INFO [main] (?:?) - The default row identifier column name for the sheet [RecoveredTissue] is [TestCaseName].
 INFO [main] (?:?) - Getting the all values for the  rowidentifire column = TestCaseName in the sheet name =RecoveredTissue in the workbook = ./Datasheets/MasterTestData_QA.xls
 INFO [main] (?:?) - Getting the all values for the  rowidentifire column = TestCaseName in the sheet name =RecoveredTissue in the workbook = ./Datasheets/MasterTestData_QA.xls
 INFO [main] (?:?) - Running testcase:SBWEB-232_VerifyRecoveredTissueLandingPage
 INFO [main] (?:?) - The './Datasheets/MasterTestData_QA.xls' workbook is not initialized yet , is going to be initialize
 INFO [main] (?:?) - The workbook has been initialized from [D:\Workspace\MiMedx\dist\.\Datasheets\MasterTestData_QA.xls] which contains [15] sheets.
 INFO [main] (?:?) - The './Datasheets/MasterTestData_QA.xls' workbook has been initialized now
 INFO [main] (?:?) - running script:D:\Workspace\MiMedx\dist\.\TestScript\RecoveredTissue\SBWEB-232_VerifyRecoveredTissueLandingPage.txt
 INFO [main] (?:?) - The application directory= 'SeAP' at location = 'C:\Users\ashishk\AppData\Roaming' has been created
 INFO [main] (?:?) - The repository file = 'C:\Users\ashishk\AppData\Roaming\SeAP\repository.properties' has been created
 INFO [main] (?:?) - The Object of FileUtil has been Initialized
 INFO [main] (?:?) - Reading java source template file TestScriptTemplate.tmpl from classpath.
 INFO [main] (?:?) - Merging methods written in :D:\Workspace\MiMedx\dist\.\lib\func_application.txt
 INFO [main] (?:?) - removing previous compilation log file:D:\Workspace\MiMedx\dist\.\Logs\CompilationResult.txt
 INFO [main] (?:?) - Reading teststep report template file [htmlTestStepReportTemplate.tmpl]
 INFO [main] (?:?) - The TestCase Data File Name from where the data will be taken to execute testcase = ./Datasheets/MasterTestData_QA.xls
 INFO [main] (?:?) - The TestCase Data File Name from where the data will be taken to execute testcase = ./Datasheets/MasterTestData_QA.xls
 INFO [main] (?:?) - The TestCase Data File Name from where the data will be taken to execute testcase = ./Datasheets/MasterTestData_QA.xls
 INFO [main] (?:?) - The TestCase Data File Name from where the data will be taken to execute testcase = ./Datasheets/MasterTestData_QA.xls
 INFO [main] (?:?) - report saved:D:\Workspace\MiMedx\dist\.\Reports\RecoveredTissue\SBWEB-232\SBWEB-232_VerifyRecoveredTissueLandingPage_07_31_2014_09_09_12.html
 INFO [main] (?:?) - Jira integration not requested in config file.
 INFO [main] (?:?) - The data has been loaded of sheet : 'ReleaseProcessing', of the workbook : './TestSuite/RegressionTestSuite.xls'.
 INFO [main] (?:?) - The default row identifier column name for the sheet [ReleaseProcessing] is [TestCaseName].
 INFO [main] (?:?) - Getting the all values for the  rowidentifire column = TestCaseName in the sheet name =ReleaseProcessing in the workbook = ./TestSuite/RegressionTestSuite.xls
 INFO [main] (?:?) - running testsuite:./TestSuite/RegressionTestSuite.xls
 INFO [main] (?:?) - The data has been loaded of sheet : 'EligibilityReview', of the workbook : './TestSuite/RegressionTestSuite.xls'.
 INFO [main] (?:?) - The default row identifier column name for the sheet [EligibilityReview] is [TestCaseName].
 INFO [main] (?:?) - Getting the all values for the  rowidentifire column = TestCaseName in the sheet name =EligibilityReview in the workbook = ./TestSuite/RegressionTestSuite.xls
 INFO [main] (?:?) - running testsuite:./TestSuite/RegressionTestSuite.xls
 INFO [main] (?:?) - Script end
 INFO [main] (?:?) - The '.\Datasheets\Config.xls' workbook is not initialized yet , is going to be initialize
 INFO [main] (?:?) - The workbook has been initialized from [D:\Workspace\MiMedx\dist\.\Datasheets\Config.xls] which contains [2] sheets.
 INFO [main] (?:?) - The '.\Datasheets\Config.xls' workbook has been initialized now
 INFO [main] (?:?) - The data has been loaded of sheet : 'Config', of the workbook : '.\Datasheets\Config.xls'.
 INFO [main] (?:?) - The default row identifier column name for the sheet [Config] is [TestParameters].
 INFO [main] (?:?) - Getting the all values for the  rowidentifire column = TestParameters in the sheet name =Config in the workbook = .\Datasheets\Config.xls
 INFO [main] (?:?) - Getting the all values for the  rowidentifire column = TestParameters in the sheet name =Config in the workbook = .\Datasheets\Config.xls
 INFO [main] (?:?) - The Opted TescSuite file name is = ./TestSuite/RegressionTestSuite.xls
 INFO [main] (?:?) - The sheet index 'null' is not loaded yet, is going to be loaded
 INFO [main] (?:?) - The './TestSuite/RegressionTestSuite.xls' workbook is not initialized yet , is going to be initialize
 INFO [main] (?:?) - The workbook has been initialized from [D:\Workspace\MiMedx\dist\.\TestSuite\RegressionTestSuite.xls] which contains [3] sheets.
 INFO [main] (?:?) - The './TestSuite/RegressionTestSuite.xls' workbook has been initialized now
 INFO [main] (?:?) - The data has been loaded of sheet : 'RecoveredTissue', of the workbook : './TestSuite/RegressionTestSuite.xls'.
 INFO [main] (?:?) - The default row identifier column name for the sheet [RecoveredTissue] is [TestCaseName].
 INFO [main] (?:?) - The './Datasheets/MasterTestData_QA.xls' workbook is not initialized yet , is going to be initialize
 INFO [main] (?:?) - The workbook has been initialized from [D:\Workspace\MiMedx\dist\.\Datasheets\MasterTestData_QA.xls] which contains [15] sheets.
 INFO [main] (?:?) - The './Datasheets/MasterTestData_QA.xls' workbook has been initialized now
 INFO [main] (?:?) - The data has been loaded of sheet : 'CommonValues', of the workbook : './Datasheets/MasterTestData_QA.xls'.
 INFO [main] (?:?) - The default row identifier column name for the sheet [CommonValues] is [ITEM].
 INFO [main] (?:?) - Getting the all values for the  rowidentifire column = ITEM in the sheet name =CommonValues in the workbook = ./Datasheets/MasterTestData_QA.xls
 INFO [main] (?:?) - Getting the all values for the  rowidentifire column = ITEM in the sheet name =CommonValues in the workbook = ./Datasheets/MasterTestData_QA.xls
 INFO [main] (?:?) - The default row identifier column name for the sheet [RecoveredTissue] is [TestCaseName].
 INFO [main] (?:?) - Getting the all values for the  rowidentifire column = TestCaseName in the sheet name =RecoveredTissue in the workbook = ./TestSuite/RegressionTestSuite.xls
 INFO [main] (?:?) - running testsuite:./TestSuite/RegressionTestSuite.xls
 INFO [main] (?:?) - The './Datasheets/MasterTestData_QA.xls' workbook is not initialized yet , is going to be initialize
 INFO [main] (?:?) - The workbook has been initialized from [D:\Workspace\MiMedx\dist\.\Datasheets\MasterTestData_QA.xls] which contains [15] sheets.
 INFO [main] (?:?) - The './Datasheets/MasterTestData_QA.xls' workbook has been initialized now
 INFO [main] (?:?) - The data has been loaded of sheet : 'RecoveredTissue', of the workbook : './Datasheets/MasterTestData_QA.xls'.
 INFO [main] (?:?) - The default row identifier column name for the sheet [RecoveredTissue] is [TestCaseName].
 INFO [main] (?:?) - Getting the all values for the  rowidentifire column = TestCaseName in the sheet name =RecoveredTissue in the workbook = ./Datasheets/MasterTestData_QA.xls
 INFO [main] (?:?) - Getting the all values for the  rowidentifire column = TestCaseName in the sheet name =RecoveredTissue in the workbook = ./Datasheets/MasterTestData_QA.xls
 INFO [main] (?:?) - Running testcase:SBWEB-232_VerifyRecoveredTissueLandingPage
 INFO [main] (?:?) - The './Datasheets/MasterTestData_QA.xls' workbook is not initialized yet , is going to be initialize
 INFO [main] (?:?) - The workbook has been initialized from [D:\Workspace\MiMedx\dist\.\Datasheets\MasterTestData_QA.xls] which contains [15] sheets.
 INFO [main] (?:?) - The './Datasheets/MasterTestData_QA.xls' workbook has been initialized now
 INFO [main] (?:?) - running script:D:\Workspace\MiMedx\dist\.\TestScript\RecoveredTissue\SBWEB-232_VerifyRecoveredTissueLandingPage.txt
 INFO [main] (?:?) - The application directory= 'SeAP' at location = 'C:\Users\ashishk\AppData\Roaming' has been created
 INFO [main] (?:?) - The repository file = 'C:\Users\ashishk\AppData\Roaming\SeAP\repository.properties' has been created
 INFO [main] (?:?) - The Object of FileUtil has been Initialized
 INFO [main] (?:?) - Reading java source template file TestScriptTemplate.tmpl from classpath.
 INFO [main] (?:?) - Merging methods written in :D:\Workspace\MiMedx\dist\.\lib\func_application.txt
 INFO [main] (?:?) - removing previous compilation log file:D:\Workspace\MiMedx\dist\.\Logs\CompilationResult.txt
 INFO [main] (?:?) - Reading teststep report template file [htmlTestStepReportTemplate.tmpl]
 INFO [main] (?:?) - The TestCase Data File Name from where the data will be taken to execute testcase = ./Datasheets/MasterTestData_QA.xls
 INFO [main] (?:?) - The TestCase Data File Name from where the data will be taken to execute testcase = ./Datasheets/MasterTestData_QA.xls
 INFO [main] (?:?) - The TestCase Data File Name from where the data will be taken to execute testcase = ./Datasheets/MasterTestData_QA.xls
 INFO [main] (?:?) - The TestCase Data File Name from where the data will be taken to execute testcase = ./Datasheets/MasterTestData_QA.xls
 INFO [main] (?:?) - report saved:D:\Workspace\MiMedx\dist\.\Reports\RecoveredTissue\SBWEB-232\SBWEB-232_VerifyRecoveredTissueLandingPage_07_31_2014_09_15_26.html
 INFO [main] (?:?) - Jira integration not requested in config file.
 INFO [main] (?:?) - The data has been loaded of sheet : 'ReleaseProcessing', of the workbook : './TestSuite/RegressionTestSuite.xls'.
 INFO [main] (?:?) - The default row identifier column name for the sheet [ReleaseProcessing] is [TestCaseName].
 INFO [main] (?:?) - Getting the all values for the  rowidentifire column = TestCaseName in the sheet name =ReleaseProcessing in the workbook = ./TestSuite/RegressionTestSuite.xls
 INFO [main] (?:?) - running testsuite:./TestSuite/RegressionTestSuite.xls
 INFO [main] (?:?) - The data has been loaded of sheet : 'EligibilityReview', of the workbook : './TestSuite/RegressionTestSuite.xls'.
 INFO [main] (?:?) - The default row identifier column name for the sheet [EligibilityReview] is [TestCaseName].
 INFO [main] (?:?) - Getting the all values for the  rowidentifire column = TestCaseName in the sheet name =EligibilityReview in the workbook = ./TestSuite/RegressionTestSuite.xls
 INFO [main] (?:?) - running testsuite:./TestSuite/RegressionTestSuite.xls
 INFO [main] (?:?) - Script end
