 INFO [main] (ExcelReaderImpl.java:241) - The '.\Datasheets\Config.xls' workbook is not initialized yet , is going to be initialize
 INFO [main] (ExcelReaderImpl.java:265) - The workbook has been initialized from [E:\workspace\MiMedx\.\Datasheets\Config.xls] which contains [2] sheets.
 INFO [main] (ExcelReaderImpl.java:279) - The '.\Datasheets\Config.xls' workbook has been initialized now
 INFO [main] (ExcelReaderImpl.java:123) - The data has been loaded of sheet : 'Config', of the workbook : '.\Datasheets\Config.xls'.
 INFO [main] (ExcelReaderImpl.java:425) - The default row identifier column name for the sheet [Config] is [TestParameters].
 INFO [main] (ExcelReaderImpl.java:509) - Getting the all values for the  rowidentifire column = TestParameters in the sheet name =Config in the workbook = .\Datasheets\Config.xls
 INFO [main] (ExcelReaderImpl.java:497) - Getting the all values for the  rowidentifire column = TestParameters in the sheet name =Config in the workbook = .\Datasheets\Config.xls
 INFO [main] (Launcher.java:435) - Jira integration not requested in config file.
 INFO [main] (Launcher.java:2499) - The Opted TescSuite file name is = ./TestSuite/RegressionTestSuite.xls
 INFO [main] (ExcelReaderImpl.java:97) - The sheet index 'null' is not loaded yet, is going to be loaded
 INFO [main] (ExcelReaderImpl.java:241) - The './TestSuite/RegressionTestSuite.xls' workbook is not initialized yet , is going to be initialize
 INFO [main] (ExcelReaderImpl.java:265) - The workbook has been initialized from [E:\workspace\MiMedx\.\TestSuite\RegressionTestSuite.xls] which contains [46] sheets.
 INFO [main] (ExcelReaderImpl.java:279) - The './TestSuite/RegressionTestSuite.xls' workbook has been initialized now
 INFO [main] (ExcelReaderImpl.java:123) - The data has been loaded of sheet : 'RecoveredTissue', of the workbook : './TestSuite/RegressionTestSuite.xls'.
 INFO [main] (ExcelReaderImpl.java:425) - The default row identifier column name for the sheet [RecoveredTissue] is [TestCaseName].
 INFO [main] (ExcelReaderImpl.java:241) - The './Datasheets/MasterTestData_QA.xls' workbook is not initialized yet , is going to be initialize
 INFO [main] (ExcelReaderImpl.java:265) - The workbook has been initialized from [E:\workspace\MiMedx\.\Datasheets\MasterTestData_QA.xls] which contains [64] sheets.
 INFO [main] (ExcelReaderImpl.java:279) - The './Datasheets/MasterTestData_QA.xls' workbook has been initialized now
 INFO [main] (ExcelReaderImpl.java:123) - The data has been loaded of sheet : 'CommonValues', of the workbook : './Datasheets/MasterTestData_QA.xls'.
 INFO [main] (ExcelReaderImpl.java:425) - The default row identifier column name for the sheet [CommonValues] is [ITEM].
 INFO [main] (ExcelReaderImpl.java:509) - Getting the all values for the  rowidentifire column = ITEM in the sheet name =CommonValues in the workbook = ./Datasheets/MasterTestData_QA.xls
 INFO [main] (ExcelReaderImpl.java:497) - Getting the all values for the  rowidentifire column = ITEM in the sheet name =CommonValues in the workbook = ./Datasheets/MasterTestData_QA.xls
 INFO [main] (ExcelReaderImpl.java:425) - The default row identifier column name for the sheet [RecoveredTissue] is [TestCaseName].
 INFO [main] (ExcelReaderImpl.java:497) - Getting the all values for the  rowidentifire column = TestCaseName in the sheet name =RecoveredTissue in the workbook = ./TestSuite/RegressionTestSuite.xls
 INFO [main] (Launcher.java:962) - running testsuite:./TestSuite/RegressionTestSuite.xls
 INFO [main] (ExcelReaderImpl.java:123) - The data has been loaded of sheet : 'ReleaseProcessing', of the workbook : './TestSuite/RegressionTestSuite.xls'.
 INFO [main] (ExcelReaderImpl.java:425) - The default row identifier column name for the sheet [ReleaseProcessing] is [TestCaseName].
 INFO [main] (ExcelReaderImpl.java:497) - Getting the all values for the  rowidentifire column = TestCaseName in the sheet name =ReleaseProcessing in the workbook = ./TestSuite/RegressionTestSuite.xls
 INFO [main] (Launcher.java:962) - running testsuite:./TestSuite/RegressionTestSuite.xls
 INFO [Forwarding newSession on session null to remote] (DefaultRequestDirector.java:693) - I/O exception (java.net.SocketException) caught when processing request: Software caused connection abort: recv failed
 INFO [Forwarding newSession on session null to remote] (DefaultRequestDirector.java:700) - Retrying request
 INFO [main] (ExcelReaderImpl.java:241) - The './Datasheets/MasterTestData_QA.xls' workbook is not initialized yet , is going to be initialize
 INFO [main] (ExcelReaderImpl.java:265) - The workbook has been initialized from [E:\workspace\MiMedx\.\Datasheets\MasterTestData_QA.xls] which contains [64] sheets.
 INFO [main] (ExcelReaderImpl.java:279) - The './Datasheets/MasterTestData_QA.xls' workbook has been initialized now
 INFO [main] (ExcelReaderImpl.java:123) - The data has been loaded of sheet : 'ReleaseProcessing', of the workbook : './Datasheets/MasterTestData_QA.xls'.
 INFO [main] (ExcelReaderImpl.java:425) - The default row identifier column name for the sheet [ReleaseProcessing] is [TestCaseName].
 INFO [main] (ExcelReaderImpl.java:509) - Getting the all values for the  rowidentifire column = TestCaseName in the sheet name =ReleaseProcessing in the workbook = ./Datasheets/MasterTestData_QA.xls
 INFO [main] (ExcelReaderImpl.java:497) - Getting the all values for the  rowidentifire column = TestCaseName in the sheet name =ReleaseProcessing in the workbook = ./Datasheets/MasterTestData_QA.xls
 INFO [main] (Launcher.java:1079) - Running testcase:2.0_DemoScript
 INFO [main] (ExcelReaderImpl.java:241) - The './Datasheets/MasterTestData_QA.xls' workbook is not initialized yet , is going to be initialize
 INFO [main] (ExcelReaderImpl.java:265) - The workbook has been initialized from [E:\workspace\MiMedx\.\Datasheets\MasterTestData_QA.xls] which contains [64] sheets.
 INFO [main] (ExcelReaderImpl.java:279) - The './Datasheets/MasterTestData_QA.xls' workbook has been initialized now
ERROR [main] (ExternalScriptRunner.java:59) - File not found:E:\workspace\MiMedx\.\TestScript\ReleaseProcessing\2.0_DemoScript.txt
